Build started 28-05-2025 18:23:25.
     1>Project "E:\Job_1\SHS--version_3.1.3\FSTI\Piston\Caspar\mesh\mesh.vcxproj" on node 3 (build target(s)).
     1>InitializeBuildStatus:
         Creating "x64\Release\mesh.unsuccessfulbuild" because "AlwaysCreate" was specified.
       ClCompile:
         C:\Program Files (x86)\Microsoft Visual Studio 10.0\VC\bin\x86_amd64\CL.exe /c /Zi /nologo /W3 /WX- /O2 /Oi /GL /D WIN64 /D NDEBUG /D _CONSOLE /D _MBCS /Gm- /EHsc /MD /GS /Gy /fp:precise /Zc:wchar_t /Zc:forScope /Fo"x64\Release\\" /Fd"x64\Release\vc100.pdb" /Gd /TP /wd4800 /wd4805 /errorReport:prompt src\CMesh.cpp /MP 
         CMesh.cpp
     1>src\CMesh.cpp(83): warning C4267: 'argument' : conversion from 'size_t' to 'int', possible loss of data
     1>src\CMesh.cpp(84): warning C4267: 'argument' : conversion from 'size_t' to 'int', possible loss of data
     1>src\CMesh.cpp(85): warning C4267: 'argument' : conversion from 'size_t' to 'int', possible loss of data
     1>src\CMesh.cpp(86): warning C4267: 'argument' : conversion from 'size_t' to 'int', possible loss of data
     1>src\CMesh.cpp(87): warning C4267: 'argument' : conversion from 'size_t' to 'int', possible loss of data
     1>src\CMesh.cpp(90): warning C4267: 'argument' : conversion from 'size_t' to 'int', possible loss of data
     1>src\CMesh.cpp(91): warning C4267: 'argument' : conversion from 'size_t' to 'int', possible loss of data
     1>src\CMesh.cpp(92): warning C4267: 'argument' : conversion from 'size_t' to 'int', possible loss of data
     1>src\CMesh.cpp(93): warning C4267: 'argument' : conversion from 'size_t' to 'int', possible loss of data
     1>src\CMesh.cpp(94): warning C4267: 'argument' : conversion from 'size_t' to 'int', possible loss of data
       Lib:
         C:\Program Files (x86)\Microsoft Visual Studio 10.0\VC\bin\x86_amd64\Lib.exe /OUT:"E:\Job_1\SHS--version_3.1.3\FSTI\Piston\Caspar\main\x64\Release\mesh.lib" /NOLOGO /LTCG x64\Release\CMesh.obj
         mesh.vcxproj -> E:\Job_1\SHS--version_3.1.3\FSTI\Piston\Caspar\main\x64\Release\mesh.lib
       FinalizeBuildStatus:
         Deleting file "x64\Release\mesh.unsuccessfulbuild".
         Touching "x64\Release\mesh.lastbuildstate".
     1>Done Building Project "E:\Job_1\SHS--version_3.1.3\FSTI\Piston\Caspar\mesh\mesh.vcxproj" (build target(s)).

Build succeeded.

Time Elapsed 00:00:03.04
