E:\JOB_1\EDITED PROJECT_J1\CASPAR_INPUT\CASPAR_INPUT\DEBUG\BLOCKOPTIONS.OBJ
E:\Job_1\Edited Project_J1\caspar_input\caspar_input\Debug\caspar_input.vcxprojResolveAssemblyReference.cache
E:\Job_1\Edited Project_J1\caspar_input\caspar_input\Debug\caspar_input.write.1.tlog
E:\Job_1\Edited Project_J1\caspar_input\caspar_input\Debug\cl.command.1.tlog
E:\Job_1\Edited Project_J1\caspar_input\caspar_input\Debug\CL.read.1.tlog
E:\Job_1\Edited Project_J1\caspar_input\caspar_input\Debug\CL.write.1.tlog
E:\JOB_1\EDITED PROJECT_J1\CASPAR_INPUT\CASPAR_INPUT\DEBUG\GEOMETRY.OBJ
E:\JOB_1\EDITED PROJECT_J1\CASPAR_INPUT\CASPAR_INPUT\DEBUG\INPUT.OBJ
E:\JOB_1\EDITED PROJECT_J1\CASPAR_INPUT\CASPAR_INPUT\DEBUG\INPUTFILE.OBJ
E:\Job_1\Edited Project_J1\caspar_input\caspar_input\Debug\lib.command.1.tlog
E:\Job_1\Edited Project_J1\caspar_input\caspar_input\Debug\Lib-link.read.1.tlog
E:\Job_1\Edited Project_J1\caspar_input\caspar_input\Debug\Lib-link.write.1.tlog
E:\JOB_1\EDITED PROJECT_J1\CASPAR_INPUT\CASPAR_INPUT\DEBUG\LOGGER.OBJ
E:\JOB_1\EDITED PROJECT_J1\CASPAR_INPUT\CASPAR_INPUT\DEBUG\LUBRICATIONMODULE.OBJ
E:\JOB_1\EDITED PROJECT_J1\CASPAR_INPUT\CASPAR_INPUT\DEBUG\MATERIALS.OBJ
E:\JOB_1\EDITED PROJECT_J1\CASPAR_INPUT\CASPAR_INPUT\DEBUG\OIL.OBJ
E:\JOB_1\EDITED PROJECT_J1\CASPAR_INPUT\CASPAR_INPUT\DEBUG\OPERATINGCONDITIONS.OBJ
E:\JOB_1\EDITED PROJECT_J1\CASPAR_INPUT\CASPAR_INPUT\DEBUG\PISTONOPTIONS.OBJ
E:\JOB_1\EDITED PROJECT_J1\CASPAR_INPUT\CASPAR_INPUT\DEBUG\PMODULE.OBJ
E:\JOB_1\EDITED PROJECT_J1\CASPAR_INPUT\CASPAR_INPUT\DEBUG\SECTION.OBJ
E:\JOB_1\EDITED PROJECT_J1\CASPAR_INPUT\CASPAR_INPUT\DEBUG\SLIPPEROPTIONS.OBJ
E:\JOB_1\EDITED PROJECT_J1\CASPAR_INPUT\CASPAR_INPUT\DEBUG\THERMALFILE.OBJ
E:\Job_1\Edited Project_J1\caspar_input\caspar_input\Debug\vc100.idb
E:\JOB_1\EDITED PROJECT_J1\CASPAR_INPUT\CASPAR_INPUT\DEBUG\VC100.PDB
E:\JOB_1\EDITED PROJECT_J1\CASPAR_INPUT\DEBUG\CASPAR_INPUT.LIB
