C:\FSTI\FSTI_BLOCK_EXE\FSTI_BLOCK_2.0\DEBUG\FSTI_INPUT.LIB
C:\FSTI\FSTI_BLOCK_EXE\FSTI_BLOCK_2.0\FSTI_INPUT\DEBUG\BLOCKOPTIONS.OBJ
C:\FSTI\FSTI_Block_exe\FSTI_block_2.0\FSTI_input\Debug\cl.command.1.tlog
C:\FSTI\FSTI_Block_exe\FSTI_block_2.0\FSTI_input\Debug\CL.read.1.tlog
C:\FSTI\FSTI_Block_exe\FSTI_block_2.0\FSTI_input\Debug\CL.write.1.tlog
C:\FSTI\FSTI_Block_exe\FSTI_block_2.0\FSTI_input\Debug\FSTI_input.vcxprojResolveAssemblyReference.cache
C:\FSTI\FSTI_Block_exe\FSTI_block_2.0\FSTI_input\Debug\FSTI_input.write.1.tlog
C:\FSTI\FSTI_BLOCK_EXE\FSTI_BLOCK_2.0\FSTI_INPUT\DEBUG\GEOMETRY.OBJ
C:\FSTI\FSTI_BLOCK_EXE\FSTI_BLOCK_2.0\FSTI_INPUT\DEBUG\INPUT.OBJ
C:\FSTI\FSTI_BLOCK_EXE\FSTI_BLOCK_2.0\FSTI_INPUT\DEBUG\INPUTFILE.OBJ
C:\FSTI\FSTI_Block_exe\FSTI_block_2.0\FSTI_input\Debug\lib.command.1.tlog
C:\FSTI\FSTI_Block_exe\FSTI_block_2.0\FSTI_input\Debug\Lib-link.read.1.tlog
C:\FSTI\FSTI_Block_exe\FSTI_block_2.0\FSTI_input\Debug\Lib-link.write.1.tlog
C:\FSTI\FSTI_BLOCK_EXE\FSTI_BLOCK_2.0\FSTI_INPUT\DEBUG\LOGGER.OBJ
C:\FSTI\FSTI_BLOCK_EXE\FSTI_BLOCK_2.0\FSTI_INPUT\DEBUG\LUBRICATIONMODULE.OBJ
C:\FSTI\FSTI_BLOCK_EXE\FSTI_BLOCK_2.0\FSTI_INPUT\DEBUG\MATERIALS.OBJ
C:\FSTI\FSTI_BLOCK_EXE\FSTI_BLOCK_2.0\FSTI_INPUT\DEBUG\OIL.OBJ
C:\FSTI\FSTI_BLOCK_EXE\FSTI_BLOCK_2.0\FSTI_INPUT\DEBUG\OPERATINGCONDITIONS.OBJ
C:\FSTI\FSTI_BLOCK_EXE\FSTI_BLOCK_2.0\FSTI_INPUT\DEBUG\PISTONOPTIONS.OBJ
C:\FSTI\FSTI_BLOCK_EXE\FSTI_BLOCK_2.0\FSTI_INPUT\DEBUG\PMODULE.OBJ
C:\FSTI\FSTI_BLOCK_EXE\FSTI_BLOCK_2.0\FSTI_INPUT\DEBUG\SECTION.OBJ
C:\FSTI\FSTI_BLOCK_EXE\FSTI_BLOCK_2.0\FSTI_INPUT\DEBUG\SLIPPEROPTIONS.OBJ
C:\FSTI\FSTI_BLOCK_EXE\FSTI_BLOCK_2.0\FSTI_INPUT\DEBUG\THERMALFILE.OBJ
C:\FSTI\FSTI_Block_exe\FSTI_block_2.0\FSTI_input\Debug\vc100.idb
C:\FSTI\FSTI_BLOCK_EXE\FSTI_BLOCK_2.0\FSTI_INPUT\DEBUG\VC100.PDB
