E:\JOB_1\EDITED PROJECT_J1\FSTI_BLOCK_2.0\FSTI_INPUT\X64\RELEASE\BLOCKOPTIONS.OBJ
E:\JOB_1\EDITED PROJECT_J1\FSTI_BLOCK_2.0\FSTI_INPUT\X64\RELEASE\GEOMETRY.OBJ
E:\JOB_1\EDITED PROJECT_J1\FSTI_BLOCK_2.0\FSTI_INPUT\X64\RELEASE\INPUT.OBJ
E:\JOB_1\EDITED PROJECT_J1\FSTI_BLOCK_2.0\FSTI_INPUT\X64\RELEASE\INPUTFILE.OBJ
E:\JOB_1\EDITED PROJECT_J1\FSTI_BLOCK_2.0\FSTI_INPUT\X64\RELEASE\LOGGER.OBJ
E:\JOB_1\EDITED PROJECT_J1\FSTI_BLOCK_2.0\FSTI_INPUT\X64\RELEASE\LUBRICATIONMODULE.OBJ
E:\JOB_1\EDITED PROJECT_J1\FSTI_BLOCK_2.0\FSTI_INPUT\X64\RELEASE\MATERIALS.OBJ
E:\JOB_1\EDITED PROJECT_J1\FSTI_BLOCK_2.0\FSTI_INPUT\X64\RELEASE\OIL.OBJ
E:\JOB_1\EDITED PROJECT_J1\FSTI_BLOCK_2.0\FSTI_INPUT\X64\RELEASE\OPERATINGCONDITIONS.OBJ
E:\JOB_1\EDITED PROJECT_J1\FSTI_BLOCK_2.0\FSTI_INPUT\X64\RELEASE\PISTONOPTIONS.OBJ
E:\JOB_1\EDITED PROJECT_J1\FSTI_BLOCK_2.0\FSTI_INPUT\X64\RELEASE\PMODULE.OBJ
E:\JOB_1\EDITED PROJECT_J1\FSTI_BLOCK_2.0\FSTI_INPUT\X64\RELEASE\SECTION.OBJ
E:\JOB_1\EDITED PROJECT_J1\FSTI_BLOCK_2.0\FSTI_INPUT\X64\RELEASE\SLIPPEROPTIONS.OBJ
E:\JOB_1\EDITED PROJECT_J1\FSTI_BLOCK_2.0\FSTI_INPUT\X64\RELEASE\THERMALFILE.OBJ
E:\JOB_1\EDITED PROJECT_J1\FSTI_BLOCK_2.0\FSTI_INPUT\X64\RELEASE\VC100.PDB
E:\JOB_1\EDITED PROJECT_J1\FSTI_BLOCK_2.0\X64\RELEASE\FSTI_INPUT.LIB
E:\JOB_1\VERSION 3.0.0\FSTI_BLOCK_2.0\FSTI_INPUT\X64\RELEASE\BLOCKOPTIONS.OBJ
E:\Job_1\version 3.0.0\FSTI_block_2.0\FSTI_input\x64\Release\cl.command.1.tlog
E:\Job_1\version 3.0.0\FSTI_block_2.0\FSTI_input\x64\Release\CL.read.1.tlog
E:\Job_1\version 3.0.0\FSTI_block_2.0\FSTI_input\x64\Release\CL.write.1.tlog
E:\Job_1\version 3.0.0\FSTI_block_2.0\FSTI_input\x64\Release\FSTI_input.vcxprojResolveAssemblyReference.cache
E:\Job_1\version 3.0.0\FSTI_block_2.0\FSTI_input\x64\Release\FSTI_input.write.1.tlog
E:\JOB_1\VERSION 3.0.0\FSTI_BLOCK_2.0\FSTI_INPUT\X64\RELEASE\GEOMETRY.OBJ
E:\JOB_1\VERSION 3.0.0\FSTI_BLOCK_2.0\FSTI_INPUT\X64\RELEASE\INPUT.OBJ
E:\JOB_1\VERSION 3.0.0\FSTI_BLOCK_2.0\FSTI_INPUT\X64\RELEASE\INPUTFILE.OBJ
E:\Job_1\version 3.0.0\FSTI_block_2.0\FSTI_input\x64\Release\lib.command.1.tlog
E:\Job_1\version 3.0.0\FSTI_block_2.0\FSTI_input\x64\Release\Lib-link.read.1.tlog
E:\Job_1\version 3.0.0\FSTI_block_2.0\FSTI_input\x64\Release\Lib-link.write.1.tlog
E:\JOB_1\VERSION 3.0.0\FSTI_BLOCK_2.0\FSTI_INPUT\X64\RELEASE\LOGGER.OBJ
E:\JOB_1\VERSION 3.0.0\FSTI_BLOCK_2.0\FSTI_INPUT\X64\RELEASE\LUBRICATIONMODULE.OBJ
E:\JOB_1\VERSION 3.0.0\FSTI_BLOCK_2.0\FSTI_INPUT\X64\RELEASE\MATERIALS.OBJ
E:\JOB_1\VERSION 3.0.0\FSTI_BLOCK_2.0\FSTI_INPUT\X64\RELEASE\OIL.OBJ
E:\JOB_1\VERSION 3.0.0\FSTI_BLOCK_2.0\FSTI_INPUT\X64\RELEASE\OPERATINGCONDITIONS.OBJ
E:\JOB_1\VERSION 3.0.0\FSTI_BLOCK_2.0\FSTI_INPUT\X64\RELEASE\PISTONOPTIONS.OBJ
E:\JOB_1\VERSION 3.0.0\FSTI_BLOCK_2.0\FSTI_INPUT\X64\RELEASE\PMODULE.OBJ
E:\JOB_1\VERSION 3.0.0\FSTI_BLOCK_2.0\FSTI_INPUT\X64\RELEASE\SECTION.OBJ
E:\JOB_1\VERSION 3.0.0\FSTI_BLOCK_2.0\FSTI_INPUT\X64\RELEASE\SLIPPEROPTIONS.OBJ
E:\JOB_1\VERSION 3.0.0\FSTI_BLOCK_2.0\FSTI_INPUT\X64\RELEASE\THERMALFILE.OBJ
E:\JOB_1\VERSION 3.0.0\FSTI_BLOCK_2.0\FSTI_INPUT\X64\RELEASE\VC100.PDB
E:\JOB_1\VERSION 3.0.0\FSTI_BLOCK_2.0\X64\RELEASE\FSTI_INPUT.LIB
